TN:
SF:index.js
FN:33,(anonymous_0)
FN:137,(anonymous_1)
FNF:2
FNH:0
FNDA:0,(anonymous_0)
FNDA:0,(anonymous_1)
DA:7,0
DA:8,0
DA:11,0
DA:20,0
DA:33,0
DA:34,0
DA:137,0
DA:138,0
DA:140,0
DA:141,0
DA:143,0
DA:146,0
DA:157,0
DA:160,0
DA:171,0
DA:172,0
DA:175,0
DA:186,0
DA:187,0
DA:198,0
DA:199,0
DA:210,0
DA:213,0
DA:226,0
DA:227,0
DA:229,0
LF:26
LH:0
BRDA:8,0,0,0
BRDA:8,0,1,0
BRDA:141,1,0,0
BRDA:141,1,1,0
BRDA:141,1,2,0
BRDA:141,1,3,0
BRDA:141,1,4,0
BRDA:141,1,5,0
BRDA:217,2,0,0
BRDA:217,2,1,0
BRF:10
BRH:0
end_of_record
